  GameManager.cpp
C:\Users\82104\Documents\GitHub\RTP\Team6_project\Team6_project\GameManager.cpp(54,9): error C2065: 'NewTutor': 선언되지 않은 식별자입니다.
C:\Users\82104\Documents\GitHub\RTP\Team6_project\Team6_project\GameManager.cpp(54,18): error C2146: 구문 오류: ';'이(가) 'tutorType' 식별자 앞에 없습니다.
C:\Users\82104\Documents\GitHub\RTP\Team6_project\Team6_project\GameManager.cpp(54,18): error C2065: 'tutorType': 선언되지 않은 식별자입니다.
C:\Users\82104\Documents\GitHub\RTP\Team6_project\Team6_project\GameManager.cpp(54,42): error C2061: 구문 오류: 식별자 'NewTutor'
C:\Users\82104\Documents\GitHub\RTP\Team6_project\Team6_project\GameManager.cpp(55,17): error C2065: 'tutorType': 선언되지 않은 식별자입니다.
C:\Users\82104\Documents\GitHub\RTP\Team6_project\Team6_project\GameManager.cpp(55,17): error C2050: switch 식이 정수 계열이 아닙니다.
C:\Users\82104\Documents\GitHub\RTP\Team6_project\Team6_project\GameManager.cpp(57,14): error C2275: 'ManagerTutor': 형식 대신 식이 필요합니다.
C:\Users\82104\Documents\GitHub\RTP\Team6_project\Team6_project\GameManager.cpp(57,14): error C2440: '형식 캐스트': 'ManagerTutor'에서 'int'(으)로 변환할 수 없습니다.
      C:\Users\82104\Documents\GitHub\RTP\Team6_project\Team6_project\GameManager.cpp(57,14):
      이 변환을 수행할 수 있는 사용 가능한 사용자 정의 변환 연산자가 없거나 연산자를 호출할 수 없습니다.
  
C:\Users\82104\Documents\GitHub\RTP\Team6_project\Team6_project\GameManager.cpp(57,9): error C2046: 대/소문자가 잘못되었습니다.
C:\Users\82104\Documents\GitHub\RTP\Team6_project\Team6_project\GameManager.cpp(58,13): error C2065: 'currentTutor': 선언되지 않은 식별자입니다.
C:\Users\82104\Documents\GitHub\RTP\Team6_project\Team6_project\GameManager.cpp(60,14): error C2275: 'BasicTutor': 형식 대신 식이 필요합니다.
C:\Users\82104\Documents\GitHub\RTP\Team6_project\Team6_project\GameManager.cpp(60,14): error C2440: '형식 캐스트': 'BasicTutor'에서 'int'(으)로 변환할 수 없습니다.
      C:\Users\82104\Documents\GitHub\RTP\Team6_project\Team6_project\GameManager.cpp(60,14):
      이 변환을 수행할 수 있는 사용 가능한 사용자 정의 변환 연산자가 없거나 연산자를 호출할 수 없습니다.
  
C:\Users\82104\Documents\GitHub\RTP\Team6_project\Team6_project\GameManager.cpp(60,9): error C2046: 대/소문자가 잘못되었습니다.
C:\Users\82104\Documents\GitHub\RTP\Team6_project\Team6_project\GameManager.cpp(61,13): error C2065: 'currentTutor': 선언되지 않은 식별자입니다.
C:\Users\82104\Documents\GitHub\RTP\Team6_project\Team6_project\GameManager.cpp(61,42): error C2248: 'BasicTutor::BasicTutor': private 멤버('BasicTutor' 클래스에서 선언)에 액세스할 수 없습니다.
      C:\Users\82104\Documents\GitHub\RTP\Team6_project\Team6_project\Monster.h(38,2):
      'BasicTutor::BasicTutor' 선언을 참조하십시오.
      C:\Users\82104\Documents\GitHub\RTP\Team6_project\Team6_project\Monster.h(36,7):
      'BasicTutor' 선언을 참조하십시오.
  
C:\Users\82104\Documents\GitHub\RTP\Team6_project\Team6_project\GameManager.cpp(63,14): error C2275: 'StandardTutor': 형식 대신 식이 필요합니다.
C:\Users\82104\Documents\GitHub\RTP\Team6_project\Team6_project\GameManager.cpp(63,14): error C2440: '형식 캐스트': 'StandardTutor'에서 'int'(으)로 변환할 수 없습니다.
      C:\Users\82104\Documents\GitHub\RTP\Team6_project\Team6_project\GameManager.cpp(63,14):
      이 변환을 수행할 수 있는 사용 가능한 사용자 정의 변환 연산자가 없거나 연산자를 호출할 수 없습니다.
  
C:\Users\82104\Documents\GitHub\RTP\Team6_project\Team6_project\GameManager.cpp(63,9): error C2046: 대/소문자가 잘못되었습니다.
C:\Users\82104\Documents\GitHub\RTP\Team6_project\Team6_project\GameManager.cpp(64,13): error C2065: 'currentTutor': 선언되지 않은 식별자입니다.
C:\Users\82104\Documents\GitHub\RTP\Team6_project\Team6_project\GameManager.cpp(64,45): error C2248: 'StandardTutor::StandardTutor': private 멤버('StandardTutor' 클래스에서 선언)에 액세스할 수 없습니다.
      C:\Users\82104\Documents\GitHub\RTP\Team6_project\Team6_project\Monster.h(43,2):
      'StandardTutor::StandardTutor' 선언을 참조하십시오.
      C:\Users\82104\Documents\GitHub\RTP\Team6_project\Team6_project\Monster.h(41,7):
      'StandardTutor' 선언을 참조하십시오.
  
C:\Users\82104\Documents\GitHub\RTP\Team6_project\Team6_project\GameManager.cpp(66,14): error C2275: 'ChallengeTutor': 형식 대신 식이 필요합니다.
C:\Users\82104\Documents\GitHub\RTP\Team6_project\Team6_project\GameManager.cpp(66,14): error C2440: '형식 캐스트': 'ChallengeTutor'에서 'int'(으)로 변환할 수 없습니다.
      C:\Users\82104\Documents\GitHub\RTP\Team6_project\Team6_project\GameManager.cpp(66,14):
      이 변환을 수행할 수 있는 사용 가능한 사용자 정의 변환 연산자가 없거나 연산자를 호출할 수 없습니다.
  
C:\Users\82104\Documents\GitHub\RTP\Team6_project\Team6_project\GameManager.cpp(66,9): error C2046: 대/소문자가 잘못되었습니다.
C:\Users\82104\Documents\GitHub\RTP\Team6_project\Team6_project\GameManager.cpp(67,13): error C2065: 'currentTutor': 선언되지 않은 식별자입니다.
C:\Users\82104\Documents\GitHub\RTP\Team6_project\Team6_project\GameManager.cpp(67,46): error C2248: 'ChallengeTutor::ChallengeTutor': private 멤버('ChallengeTutor' 클래스에서 선언)에 액세스할 수 없습니다.
      C:\Users\82104\Documents\GitHub\RTP\Team6_project\Team6_project\Monster.h(48,2):
      'ChallengeTutor::ChallengeTutor' 선언을 참조하십시오.
      C:\Users\82104\Documents\GitHub\RTP\Team6_project\Team6_project\Monster.h(46,7):
      'ChallengeTutor' 선언을 참조하십시오.
  
C:\Users\82104\Documents\GitHub\RTP\Team6_project\Team6_project\GameManager.cpp(69,9): warning C4060: switch문에 'case' 또는 'default' 레이블이 없습니다.
C:\Users\82104\Documents\GitHub\RTP\Team6_project\Team6_project\GameManager.cpp(77,5): error C3861: 'GenerateTutor': 식별자를 찾을 수 없습니다.
C:\Users\82104\Documents\GitHub\RTP\Team6_project\Team6_project\GameManager.cpp(110,9): error C2065: 'currentTutor': 선언되지 않은 식별자입니다.
C:\Users\82104\Documents\GitHub\RTP\Team6_project\Team6_project\GameManager.cpp(112,17): error C2065: 'currentTutor': 선언되지 않은 식별자입니다.
  GameManager.h
  코드를 생성하고 있습니다...
